Assembler report for ddr
Thu Aug 09 14:07:30 2018
Quartus Prime Version 16.1.0 Build 196 10/24/2016 SJ Lite Edition


---------------------
; Table of Contents ;
---------------------
  1. Legal Notice
  2. Assembler Summary
  3. Assembler Settings
  4. Assembler Encrypted IP Cores Summary
  5. Assembler Generated Files
  6. Assembler Device Options: E:/work/cloud/GFEC/02_Altera/Altera_IP/ddr/max10_neek_ram_base_MTL2/output_files/ddr.sof
  7. Assembler Messages



----------------
; Legal Notice ;
----------------
Copyright (C) 2016  Intel Corporation. All rights reserved.
Your use of Intel Corporation's design tools, logic functions 
and other software and tools, and its AMPP partner logic 
functions, and any output files from any of the foregoing 
(including device programming or simulation files), and any 
associated documentation or information are expressly subject 
to the terms and conditions of the Intel Program License 
Subscription Agreement, the Intel Quartus Prime License Agreement,
the Intel MegaCore Function License Agreement, or other 
applicable license agreement, including, without limitation, 
that your use is for the sole purpose of programming logic 
devices manufactured by Intel and sold by Intel or its 
authorized distributors.  Please refer to the applicable 
agreement for further details.



+---------------------------------------------------------------+
; Assembler Summary                                             ;
+-----------------------+---------------------------------------+
; Assembler Status      ; Successful - Thu Aug 09 14:07:30 2018 ;
; Revision Name         ; ddr                                   ;
; Top-level Entity Name ; golden_top                            ;
; Family                ; MAX 10                                ;
; Device                ; 10M50DAF484C6GES                      ;
+-----------------------+---------------------------------------+


+----------------------------------+
; Assembler Settings               ;
+--------+---------+---------------+
; Option ; Setting ; Default Value ;
+--------+---------+---------------+


+------------------------------------------------+
; Assembler Encrypted IP Cores Summary           ;
+--------+------------------------+--------------+
; Vendor ; IP Core Name           ; License Type ;
+--------+------------------------+--------------+
; Altera ; Signal Tap (6AF7 BCE1) ; Licensed     ;
; Altera ; Signal Tap (6AF7 BCEC) ; Licensed     ;
+--------+------------------------+--------------+


+------------------------------------------------------------------------------------------+
; Assembler Generated Files                                                                ;
+------------------------------------------------------------------------------------------+
; File Name                                                                                ;
+------------------------------------------------------------------------------------------+
; E:/work/cloud/GFEC/02_Altera/Altera_IP/ddr/max10_neek_ram_base_MTL2/output_files/ddr.sof ;
+------------------------------------------------------------------------------------------+


+--------------------------------------------------------------------------------------------------------------------+
; Assembler Device Options: E:/work/cloud/GFEC/02_Altera/Altera_IP/ddr/max10_neek_ram_base_MTL2/output_files/ddr.sof ;
+----------------+---------------------------------------------------------------------------------------------------+
; Option         ; Setting                                                                                           ;
+----------------+---------------------------------------------------------------------------------------------------+
; Device         ; 10M50DAF484C6GES                                                                                  ;
; JTAG usercode  ; 0x006EF941                                                                                        ;
; Checksum       ; 0x006EF941                                                                                        ;
+----------------+---------------------------------------------------------------------------------------------------+


+--------------------+
; Assembler Messages ;
+--------------------+
Info: *******************************************************************
Info: Running Quartus Prime Assembler
    Info: Version 16.1.0 Build 196 10/24/2016 SJ Lite Edition
    Info: Processing started: Thu Aug 09 14:07:24 2018
Info: Command: quartus_asm --read_settings_files=off --write_settings_files=off ddr -c ddr
Info: Using INI file C:/Users/markl/quartus.ini
Warning (18236): Number of processors has not been specified which may cause overloading on shared machines.  Set the global assignment NUM_PARALLEL_PROCESSORS in your QSF to an appropriate value for best performance.
Info (115031): Writing out detailed assembly data for power analysis
Info (115030): Assembler is generating device programming files
Warning (12914): The file, E:/work/cloud/GFEC/02_Altera/Altera_IP/ddr/max10_proj/S_P.sopcinfo, is not embedded into sof file as expected.  Some tools, such as System Console, may not function fully.
Info: Quartus Prime Assembler was successful. 0 errors, 2 warnings
    Info: Peak virtual memory: 4722 megabytes
    Info: Processing ended: Thu Aug 09 14:07:30 2018
    Info: Elapsed time: 00:00:06
    Info: Total CPU time (on all processors): 00:00:05


